{"/Users/felixwu/Desktop/code/playground/safeProp/src/safeProp.ts": {"path":"/Users/felixwu/Desktop/code/playground/safeProp/src/safeProp.ts","statementMap":{"0":{"start":{"line":1,"column":0},"end":{"line":1,"column":13}},"1":{"start":{"line":6,"column":4},"end":{"line":10,"column":null}},"2":{"start":{"line":7,"column":6},"end":{"line":7,"column":23}},"3":{"start":{"line":9,"column":6},"end":{"line":9,"column":28}},"4":{"start":{"line":14,"column":9},"end":{"line":17,"column":null}},"5":{"start":{"line":15,"column":4},"end":{"line":15,"column":19}},"6":{"start":{"line":16,"column":4},"end":{"line":16,"column":16}},"7":{"start":{"line":20,"column":9},"end":{"line":32,"column":null}},"8":{"start":{"line":21,"column":4},"end":{"line":28,"column":null}},"9":{"start":{"line":22,"column":6},"end":{"line":27,"column":null}},"10":{"start":{"line":23,"column":8},"end":{"line":23,"column":29}},"11":{"start":{"line":24,"column":8},"end":{"line":24,"column":20}},"12":{"start":{"line":26,"column":8},"end":{"line":26,"column":null}},"13":{"start":{"line":29,"column":4},"end":{"line":29,"column":30}},"14":{"start":{"line":30,"column":4},"end":{"line":30,"column":null}},"15":{"start":{"line":31,"column":4},"end":{"line":31,"column":16}},"16":{"start":{"line":36,"column":9},"end":{"line":48,"column":null}},"17":{"start":{"line":36,"column":2},"end":{"line":36,"column":9}},"18":{"start":{"line":37,"column":4},"end":{"line":44,"column":null}},"19":{"start":{"line":38,"column":6},"end":{"line":43,"column":null}},"20":{"start":{"line":39,"column":8},"end":{"line":39,"column":29}},"21":{"start":{"line":40,"column":8},"end":{"line":40,"column":20}},"22":{"start":{"line":42,"column":8},"end":{"line":42,"column":null}},"23":{"start":{"line":45,"column":20},"end":{"line":45,"column":40}},"24":{"start":{"line":46,"column":4},"end":{"line":46,"column":null}},"25":{"start":{"line":46,"column":27},"end":{"line":46,"column":40}},"26":{"start":{"line":47,"column":4},"end":{"line":47,"column":16}},"27":{"start":{"line":49,"column":0},"end":{"line":49,"column":null}},"28":{"start":{"line":1,"column":13},"end":{"line":1,"column":21}}},"fnMap":{"0":{"name":"(anonymous_0)","decl":{"start":{"line":1,"column":0},"end":{"line":1,"column":13}},"loc":{"start":{"line":1,"column":0},"end":{"line":49,"column":null}}},"1":{"name":"safeProp","decl":{"start":{"line":5,"column":2},"end":{"line":5,"column":14}},"loc":{"start":{"line":5,"column":27},"end":{"line":11,"column":3}}},"2":{"name":"(anonymous_2)","decl":{"start":{"line":14,"column":2},"end":{"line":14,"column":9}},"loc":{"start":{"line":14,"column":22},"end":{"line":17,"column":3}}},"3":{"name":"(anonymous_3)","decl":{"start":{"line":20,"column":2},"end":{"line":20,"column":9}},"loc":{"start":{"line":20,"column":23},"end":{"line":32,"column":3}}},"4":{"name":"(anonymous_4)","decl":{"start":{"line":36,"column":2},"end":{"line":36,"column":9}},"loc":{"start":{"line":36,"column":29},"end":{"line":48,"column":3}}},"5":{"name":"(anonymous_5)","decl":{"start":{"line":46,"column":16},"end":{"line":46,"column":17}},"loc":{"start":{"line":46,"column":21},"end":{"line":46,"column":41}}}},"branchMap":{"0":{"loc":{"start":{"line":6,"column":4},"end":{"line":10,"column":null}},"type":"if","locations":[{"start":{"line":6,"column":4},"end":{"line":10,"column":null}},{"start":{"line":6,"column":4},"end":{"line":10,"column":null}}]},"1":{"loc":{"start":{"line":21,"column":4},"end":{"line":28,"column":null}},"type":"if","locations":[{"start":{"line":21,"column":4},"end":{"line":28,"column":null}},{"start":{"line":21,"column":4},"end":{"line":28,"column":null}}]},"2":{"loc":{"start":{"line":22,"column":6},"end":{"line":27,"column":null}},"type":"if","locations":[{"start":{"line":22,"column":6},"end":{"line":27,"column":null}},{"start":{"line":22,"column":6},"end":{"line":27,"column":null}}]},"3":{"loc":{"start":{"line":37,"column":4},"end":{"line":44,"column":null}},"type":"if","locations":[{"start":{"line":37,"column":4},"end":{"line":44,"column":null}},{"start":{"line":37,"column":4},"end":{"line":44,"column":null}}]},"4":{"loc":{"start":{"line":38,"column":6},"end":{"line":43,"column":null}},"type":"if","locations":[{"start":{"line":38,"column":6},"end":{"line":43,"column":null}},{"start":{"line":38,"column":6},"end":{"line":43,"column":null}}]}},"s":{"0":1,"1":3,"2":2,"3":1,"4":1,"5":5,"6":5,"7":1,"8":16,"9":5,"10":3,"11":3,"12":2,"13":11,"14":11,"15":11,"16":1,"17":2,"18":2,"19":0,"20":0,"21":0,"22":0,"23":2,"24":2,"25":6,"26":1,"27":1,"28":1},"f":{"0":1,"1":3,"2":5,"3":16,"4":2,"5":6},"b":{"0":[2,1],"1":[5,11],"2":[3,2],"3":[0,2],"4":[0,0]}}
}
