TN:
SF:/Users/felixwu/Desktop/code/playground/safeProp/src/safeProp.ts
FN:1,(anonymous_0)
FN:5,safeProp
FN:14,(anonymous_2)
FN:20,(anonymous_3)
FN:36,(anonymous_4)
FN:46,(anonymous_5)
FNF:6
FNH:6
FNDA:1,(anonymous_0)
FNDA:3,safeProp
FNDA:5,(anonymous_2)
FNDA:16,(anonymous_3)
FNDA:2,(anonymous_4)
FNDA:6,(anonymous_5)
DA:1,1
DA:6,3
DA:7,2
DA:9,1
DA:14,1
DA:15,5
DA:16,5
DA:20,1
DA:21,16
DA:22,5
DA:23,3
DA:24,3
DA:26,2
DA:29,11
DA:30,11
DA:31,11
DA:36,2
DA:37,2
DA:38,0
DA:39,0
DA:40,0
DA:42,0
DA:45,2
DA:46,6
DA:47,1
DA:49,1
LF:26
LH:22
BRDA:6,0,0,2
BRDA:6,0,1,1
BRDA:21,1,0,5
BRDA:21,1,1,11
BRDA:22,2,0,3
BRDA:22,2,1,2
BRDA:37,3,0,0
BRDA:37,3,1,2
BRDA:38,4,0,0
BRDA:38,4,1,0
BRF:10
BRH:7
end_of_record
